<?xml version="1.0" encoding="UTF-8"?>
<testsuite name="ComputerRepairRequestTest" tests="2" skipped="0" failures="0" errors="0" timestamp="2025-03-04T06:39:05" hostname="MARIATEM" time="0.021">
  <properties/>
  <testcase name="testGetters()" classname="ComputerRepairRequestTest" time="0.017"/>
  <testcase name="testSetters()" classname="ComputerRepairRequestTest" time="0.001"/>
  <system-out><![CDATA[]]></system-out>
  <system-err><![CDATA[]]></system-err>
</testsuite>
